[14-Aug-2020 16:32:13 Asia/Kolkata] PHP Fatal error:  Cannot redeclare Modules\EstimateManager\Http\Controllers\EstimateManagerAjaxController::removeMainActivityRow() in /home/oe0zv7828woe/public_html/i-cost_test/i-cost/Modules/EstimateManager/Http/Controllers/EstimateManagerAjaxController.php on line 313
[17-Aug-2020 11:28:22 Asia/Kolkata] PHP Fatal error:  Allowed memory size of 134217728 bytes exhausted (tried to allocate 117444608 bytes) in /home/oe0zv7828woe/public_html/i-cost_test/i-cost/Modules/SettingManager/Http/Controllers/SettingManagerController.php on line 230
[17-Aug-2020 11:28:24 Asia/Kolkata] PHP Fatal error:  Allowed memory size of 134217728 bytes exhausted (tried to allocate 117444608 bytes) in /home/oe0zv7828woe/public_html/i-cost_test/i-cost/Modules/SettingManager/Http/Controllers/SettingManagerController.php on line 230
[18-Aug-2020 09:53:02 Asia/Kolkata] PHP Fatal error:  Allowed memory size of 134217728 bytes exhausted (tried to allocate 115347456 bytes) in /home/oe0zv7828woe/public_html/i-cost_test/i-cost/Modules/SettingManager/Http/Controllers/SettingManagerController.php on line 248
[18-Aug-2020 09:53:24 Asia/Kolkata] PHP Fatal error:  Allowed memory size of 134217728 bytes exhausted (tried to allocate 115347456 bytes) in /home/oe0zv7828woe/public_html/i-cost_test/i-cost/Modules/SettingManager/Http/Controllers/SettingManagerController.php on line 248
[19-Aug-2020 19:57:32 Asia/Kolkata] PHP Fatal error:  Allowed memory size of 134217728 bytes exhausted (tried to allocate 115347456 bytes) in /home/oe0zv7828woe/public_html/i-cost_test/i-cost/Modules/PurchaseManager/Http/Controllers/PurchaseOrderManagerController.php on line 362
[24-Aug-2020 11:35:58 Asia/Kolkata] PHP Fatal error:  Allowed memory size of 134217728 bytes exhausted (tried to allocate 115347456 bytes) in /home/oe0zv7828woe/public_html/i-cost_test/i-cost/Modules/TimesheetManager/Http/Controllers/TimesheetManagerController.php on line 155
[24-Aug-2020 15:12:07 Asia/Kolkata] PHP Fatal error:  Allowed memory size of 134217728 bytes exhausted (tried to allocate 115347456 bytes) in /home/oe0zv7828woe/public_html/i-cost_test/i-cost/Modules/TimesheetManager/Http/Controllers/TimesheetManagerAjaxController.php on line 167
[25-Aug-2020 12:37:00 Asia/Kolkata] PHP Fatal error:  Allowed memory size of 134217728 bytes exhausted (tried to allocate 115347456 bytes) in /home/oe0zv7828woe/public_html/i-cost_test/i-cost/Modules/TimesheetManager/Http/Controllers/TimesheetManagerAjaxController.php on line 365
[02-Sep-2020 15:44:27 Asia/Kolkata] PHP Fatal error:  Illegal offset type in /home/oe0zv7828woe/public_html/i-cost_test/i-cost/storage/framework/views/4befee1201fc54e462b6410073083d586aaa6078.php on line 183
[07-Sep-2020 12:12:34 Asia/Kolkata] PHP Fatal error:  Namespace declaration statement has to be the very first statement or after any declare call in the script in /home/oe0zv7828woe/public_html/i-cost_test/i-cost/Modules/ProjectManager/Entities/Project.php on line 3
[07-Sep-2020 12:13:11 Asia/Kolkata] PHP Fatal error:  Namespace declaration statement has to be the very first statement or after any declare call in the script in /home/oe0zv7828woe/public_html/i-cost_test/i-cost/Modules/ProjectManager/Entities/Project.php on line 3
[07-Sep-2020 12:13:25 Asia/Kolkata] PHP Fatal error:  Namespace declaration statement has to be the very first statement or after any declare call in the script in /home/oe0zv7828woe/public_html/i-cost_test/i-cost/Modules/ProjectManager/Entities/Project.php on line 3
[09-Sep-2020 10:47:28 Asia/Kolkata] PHP Fatal error:  Allowed memory size of 134217728 bytes exhausted (tried to allocate 115347456 bytes) in /home/oe0zv7828woe/public_html/i-cost_test/i-cost/app/Http/Controllers/HomeController.php on line 92
[09-Sep-2020 10:47:31 Asia/Kolkata] PHP Fatal error:  Allowed memory size of 134217728 bytes exhausted (tried to allocate 115347456 bytes) in /home/oe0zv7828woe/public_html/i-cost_test/i-cost/app/Http/Controllers/HomeController.php on line 92
[09-Sep-2020 10:47:54 Asia/Kolkata] PHP Fatal error:  Allowed memory size of 134217728 bytes exhausted (tried to allocate 115347456 bytes) in /home/oe0zv7828woe/public_html/i-cost_test/i-cost/app/Http/Controllers/HomeController.php on line 90
[09-Sep-2020 10:47:56 Asia/Kolkata] PHP Fatal error:  Allowed memory size of 134217728 bytes exhausted (tried to allocate 115347456 bytes) in /home/oe0zv7828woe/public_html/i-cost_test/i-cost/app/Http/Controllers/HomeController.php on line 90
[09-Sep-2020 10:48:39 Asia/Kolkata] PHP Fatal error:  Allowed memory size of 134217728 bytes exhausted (tried to allocate 115347456 bytes) in /home/oe0zv7828woe/public_html/i-cost_test/i-cost/app/Http/Controllers/HomeController.php on line 90
[09-Sep-2020 10:48:45 Asia/Kolkata] PHP Fatal error:  Allowed memory size of 134217728 bytes exhausted (tried to allocate 115347456 bytes) in /home/oe0zv7828woe/public_html/i-cost_test/i-cost/app/Http/Controllers/HomeController.php on line 90
[09-Sep-2020 10:54:02 Asia/Kolkata] PHP Fatal error:  Allowed memory size of 134217728 bytes exhausted (tried to allocate 115347456 bytes) in /home/oe0zv7828woe/public_html/i-cost_test/i-cost/app/Http/Controllers/HomeController.php on line 90
[09-Sep-2020 10:54:06 Asia/Kolkata] PHP Fatal error:  Allowed memory size of 134217728 bytes exhausted (tried to allocate 115347456 bytes) in /home/oe0zv7828woe/public_html/i-cost_test/i-cost/app/Http/Controllers/HomeController.php on line 90
[09-Sep-2020 11:01:49 Asia/Kolkata] PHP Fatal error:  Allowed memory size of 134217728 bytes exhausted (tried to allocate 115347456 bytes) in /home/oe0zv7828woe/public_html/i-cost_test/i-cost/app/Http/Controllers/HomeController.php on line 104
[09-Sep-2020 11:01:52 Asia/Kolkata] PHP Fatal error:  Allowed memory size of 134217728 bytes exhausted (tried to allocate 115347456 bytes) in /home/oe0zv7828woe/public_html/i-cost_test/i-cost/app/Http/Controllers/HomeController.php on line 104
[09-Sep-2020 11:02:27 Asia/Kolkata] PHP Fatal error:  Allowed memory size of 134217728 bytes exhausted (tried to allocate 115347456 bytes) in /home/oe0zv7828woe/public_html/i-cost_test/i-cost/app/Http/Controllers/HomeController.php on line 98
[09-Sep-2020 11:03:06 Asia/Kolkata] PHP Fatal error:  Allowed memory size of 134217728 bytes exhausted (tried to allocate 115347456 bytes) in /home/oe0zv7828woe/public_html/i-cost_test/i-cost/app/Http/Controllers/HomeController.php on line 96
[09-Sep-2020 17:26:17 Asia/Kolkata] PHP Fatal error:  Cannot redeclare App\Http\Controllers\HomeController::projectStatics() in /home/oe0zv7828woe/public_html/i-cost_test/i-cost/app/Http/Controllers/HomeController.php on line 601
[17-Sep-2020 16:48:11 Asia/Kolkata] PHP Fatal error:  Allowed memory size of 134217728 bytes exhausted (tried to allocate 82090176 bytes) in /home/oe0zv7828woe/public_html/i-cost_test/i-cost/vendor/laravel/framework/src/Illuminate/View/Engines/PhpEngine.php on line 50
[17-Sep-2020 18:40:41 Asia/Kolkata] PHP Fatal error:  Allowed memory size of 134217728 bytes exhausted (tried to allocate 115347456 bytes) in /home/oe0zv7828woe/public_html/i-cost_test/i-cost/Modules/UserManager/Http/Controllers/UserManagerController.php on line 363
[17-Sep-2020 18:40:52 Asia/Kolkata] PHP Fatal error:  Allowed memory size of 134217728 bytes exhausted (tried to allocate 115347456 bytes) in /home/oe0zv7828woe/public_html/i-cost_test/i-cost/Modules/UserManager/Http/Controllers/UserManagerController.php on line 363
[23-Sep-2020 12:10:56 Asia/Kolkata] PHP Fatal error:  Allowed memory size of 134217728 bytes exhausted (tried to allocate 65028096 bytes) in /home/oe0zv7828woe/public_html/i-cost_test/i-cost/storage/framework/views/5e56910c71ba4518fe2325ea6f7d5cb374e3104b.php on line 237
[23-Sep-2020 12:11:27 Asia/Kolkata] PHP Fatal error:  Allowed memory size of 134217728 bytes exhausted (tried to allocate 65028096 bytes) in /home/oe0zv7828woe/public_html/i-cost_test/i-cost/storage/framework/views/5e56910c71ba4518fe2325ea6f7d5cb374e3104b.php on line 237
[23-Sep-2020 16:45:34 Asia/Kolkata] PHP Fatal error:  Allowed memory size of 134217728 bytes exhausted (tried to allocate 65028096 bytes) in /home/oe0zv7828woe/public_html/i-cost_test/i-cost/storage/framework/views/5e56910c71ba4518fe2325ea6f7d5cb374e3104b.php on line 237
[23-Sep-2020 17:43:27 Asia/Kolkata] PHP Fatal error:  Allowed memory size of 134217728 bytes exhausted (tried to allocate 65028096 bytes) in /home/oe0zv7828woe/public_html/i-cost_test/i-cost/storage/framework/views/5e56910c71ba4518fe2325ea6f7d5cb374e3104b.php on line 237
[23-Sep-2020 17:43:56 Asia/Kolkata] PHP Fatal error:  Allowed memory size of 134217728 bytes exhausted (tried to allocate 65028096 bytes) in /home/oe0zv7828woe/public_html/i-cost_test/i-cost/storage/framework/views/5e56910c71ba4518fe2325ea6f7d5cb374e3104b.php on line 237
[23-Sep-2020 19:00:43 Asia/Kolkata] PHP Fatal error:  Allowed memory size of 134217728 bytes exhausted (tried to allocate 65028096 bytes) in /home/oe0zv7828woe/public_html/i-cost_test/i-cost/storage/framework/views/5e56910c71ba4518fe2325ea6f7d5cb374e3104b.php on line 261
[24-Sep-2020 19:17:52 Asia/Kolkata] PHP Fatal error:  Allowed memory size of 134217728 bytes exhausted (tried to allocate 65028096 bytes) in /home/oe0zv7828woe/public_html/i-cost_test/i-cost/storage/framework/views/5e56910c71ba4518fe2325ea6f7d5cb374e3104b.php on line 261
[25-Sep-2020 13:22:22 Asia/Kolkata] PHP Fatal error:  Allowed memory size of 134217728 bytes exhausted (tried to allocate 65028096 bytes) in /home/oe0zv7828woe/public_html/i-cost_test/i-cost/storage/framework/views/5e56910c71ba4518fe2325ea6f7d5cb374e3104b.php on line 261
[01-Oct-2020 12:12:12 Asia/Kolkata] PHP Fatal error:  Allowed memory size of 134217728 bytes exhausted (tried to allocate 115347456 bytes) in /home/oe0zv7828woe/public_html/i-cost_test/i-cost/app/Http/Controllers/HomeController.php on line 553
[08-Oct-2020 14:15:12 Asia/Kolkata] PHP Fatal error:  Allowed memory size of 134217728 bytes exhausted (tried to allocate 82197176 bytes) in /home/oe0zv7828woe/public_html/i-cost_test/i-cost/vendor/laravel/framework/src/Illuminate/View/Engines/PhpEngine.php on line 50
[08-Oct-2020 14:17:34 Asia/Kolkata] PHP Fatal error:  Allowed memory size of 134217728 bytes exhausted (tried to allocate 82197176 bytes) in /home/oe0zv7828woe/public_html/i-cost_test/i-cost/vendor/laravel/framework/src/Illuminate/View/Engines/PhpEngine.php on line 50
[08-Oct-2020 14:26:52 Asia/Kolkata] PHP Fatal error:  Allowed memory size of 134217728 bytes exhausted (tried to allocate 82197176 bytes) in /home/oe0zv7828woe/public_html/i-cost_test/i-cost/vendor/laravel/framework/src/Illuminate/View/Engines/PhpEngine.php on line 50
[08-Oct-2020 14:54:45 Asia/Kolkata] PHP Fatal error:  Allowed memory size of 134217728 bytes exhausted (tried to allocate 82197176 bytes) in /home/oe0zv7828woe/public_html/i-cost_test/i-cost/vendor/laravel/framework/src/Illuminate/View/Engines/PhpEngine.php on line 50
[08-Oct-2020 14:55:31 Asia/Kolkata] PHP Fatal error:  Allowed memory size of 134217728 bytes exhausted (tried to allocate 82197176 bytes) in /home/oe0zv7828woe/public_html/i-cost_test/i-cost/vendor/laravel/framework/src/Illuminate/View/Engines/PhpEngine.php on line 50
[08-Oct-2020 14:58:42 Asia/Kolkata] PHP Fatal error:  Allowed memory size of 134217728 bytes exhausted (tried to allocate 82197176 bytes) in /home/oe0zv7828woe/public_html/i-cost_test/i-cost/vendor/laravel/framework/src/Illuminate/View/Engines/PhpEngine.php on line 50
[08-Oct-2020 15:00:55 Asia/Kolkata] PHP Fatal error:  Allowed memory size of 134217728 bytes exhausted (tried to allocate 82197176 bytes) in /home/oe0zv7828woe/public_html/i-cost_test/i-cost/vendor/laravel/framework/src/Illuminate/View/Engines/PhpEngine.php on line 50
[08-Oct-2020 15:13:39 Asia/Kolkata] PHP Fatal error:  Allowed memory size of 134217728 bytes exhausted (tried to allocate 82197176 bytes) in /home/oe0zv7828woe/public_html/i-cost_test/i-cost/vendor/laravel/framework/src/Illuminate/View/Engines/PhpEngine.php on line 50
[08-Oct-2020 15:15:50 Asia/Kolkata] PHP Fatal error:  Allowed memory size of 134217728 bytes exhausted (tried to allocate 82197176 bytes) in /home/oe0zv7828woe/public_html/i-cost_test/i-cost/vendor/laravel/framework/src/Illuminate/View/Engines/PhpEngine.php on line 50
[08-Oct-2020 15:21:29 Asia/Kolkata] PHP Fatal error:  Allowed memory size of 134217728 bytes exhausted (tried to allocate 82197176 bytes) in /home/oe0zv7828woe/public_html/i-cost_test/i-cost/vendor/laravel/framework/src/Illuminate/View/Engines/PhpEngine.php on line 50
[08-Oct-2020 15:29:32 Asia/Kolkata] PHP Fatal error:  Allowed memory size of 134217728 bytes exhausted (tried to allocate 82197176 bytes) in /home/oe0zv7828woe/public_html/i-cost_test/i-cost/vendor/laravel/framework/src/Illuminate/View/Engines/PhpEngine.php on line 50
[08-Oct-2020 15:47:04 Asia/Kolkata] PHP Fatal error:  Allowed memory size of 134217728 bytes exhausted (tried to allocate 82197176 bytes) in /home/oe0zv7828woe/public_html/i-cost_test/i-cost/vendor/laravel/framework/src/Illuminate/View/Engines/PhpEngine.php on line 50
[09-Oct-2020 17:20:30 Asia/Kolkata] PHP Fatal error:  Allowed memory size of 134217728 bytes exhausted (tried to allocate 115347456 bytes) in /home/oe0zv7828woe/public_html/i-cost_test/i-cost/Modules/PurchaseManager/Http/Controllers/PurchaseOrderManagerController.php on line 274
[28-Oct-2020 12:50:52 Asia/Kolkata] PHP Fatal error:  Allowed memory size of 134217728 bytes exhausted (tried to allocate 115347456 bytes) in /home/oe0zv7828woe/public_html/i-cost_test/i-cost/app/Http/Controllers/HomeController.php on line 31
[11-Dec-2020 20:47:06 Asia/Kolkata] PHP Fatal error:  Allowed memory size of 134217728 bytes exhausted (tried to allocate 82191176 bytes) in /home/oe0zv7828woe/public_html/crm/vendor/laravel/framework/src/Illuminate/View/Engines/PhpEngine.php on line 50
[16-Aug-2021 17:38:55 Europe/London] PHP Fatal error:  Class App\Imports\UsersImport contains 2 abstract methods and must therefore be declared abstract or implement the remaining methods (Maatwebsite\Excel\Concerns\ToCollection::collection, Maatwebsite\Excel\Concerns\WithChunkReading::chunkSize) in /home/oe0zv7828woe/public_html/uat/app/Imports/UsersImport.php on line 19
[16-Aug-2021 17:40:07 Europe/London] PHP Fatal error:  Class App\Imports\UsersImport contains 2 abstract methods and must therefore be declared abstract or implement the remaining methods (Maatwebsite\Excel\Concerns\ToCollection::collection, Maatwebsite\Excel\Concerns\WithChunkReading::chunkSize) in /home/oe0zv7828woe/public_html/uat/app/Imports/UsersImport.php on line 19
[16-Aug-2021 17:40:14 Europe/London] PHP Fatal error:  Class App\Imports\UsersImport contains 2 abstract methods and must therefore be declared abstract or implement the remaining methods (Maatwebsite\Excel\Concerns\ToCollection::collection, Maatwebsite\Excel\Concerns\WithChunkReading::chunkSize) in /home/oe0zv7828woe/public_html/uat/app/Imports/UsersImport.php on line 19
[16-Aug-2021 17:40:34 Europe/London] PHP Fatal error:  Class App\Imports\UsersImport contains 2 abstract methods and must therefore be declared abstract or implement the remaining methods (Maatwebsite\Excel\Concerns\ToCollection::collection, Maatwebsite\Excel\Concerns\WithChunkReading::chunkSize) in /home/oe0zv7828woe/public_html/uat/app/Imports/UsersImport.php on line 19
[21-Aug-2021 14:38:13 Europe/London] PHP Fatal error:  Allowed memory size of 134217728 bytes exhausted (tried to allocate 20480 bytes) in /home/oe0zv7828woe/public_html/uat/vendor/laravel/framework/src/Illuminate/Database/Connection.php on line 332
[21-Aug-2021 14:38:29 Europe/London] PHP Fatal error:  Allowed memory size of 134217728 bytes exhausted (tried to allocate 20480 bytes) in /home/oe0zv7828woe/public_html/uat/vendor/laravel/framework/src/Illuminate/Database/Connection.php on line 332
[21-Aug-2021 14:38:42 Europe/London] PHP Fatal error:  Allowed memory size of 134217728 bytes exhausted (tried to allocate 20480 bytes) in /home/oe0zv7828woe/public_html/uat/vendor/laravel/framework/src/Illuminate/Database/Connection.php on line 332
[21-Aug-2021 14:39:02 Europe/London] PHP Fatal error:  Allowed memory size of 134217728 bytes exhausted (tried to allocate 20480 bytes) in /home/oe0zv7828woe/public_html/uat/vendor/laravel/framework/src/Illuminate/Database/Connection.php on line 332
[21-Aug-2021 14:39:02 Europe/London] PHP Fatal error:  Allowed memory size of 134217728 bytes exhausted (tried to allocate 20480 bytes) in /home/oe0zv7828woe/public_html/uat/vendor/laravel/framework/src/Illuminate/Database/Connection.php on line 332
[21-Aug-2021 14:39:28 Europe/London] PHP Fatal error:  Allowed memory size of 134217728 bytes exhausted (tried to allocate 20480 bytes) in /home/oe0zv7828woe/public_html/uat/vendor/laravel/framework/src/Illuminate/Database/Connection.php on line 332
[21-Aug-2021 14:39:49 Europe/London] PHP Fatal error:  Allowed memory size of 134217728 bytes exhausted (tried to allocate 20480 bytes) in /home/oe0zv7828woe/public_html/uat/vendor/laravel/framework/src/Illuminate/Database/Connection.php on line 332
[21-Aug-2021 14:46:56 Europe/London] PHP Fatal error:  Allowed memory size of 134217728 bytes exhausted (tried to allocate 20480 bytes) in /home/oe0zv7828woe/public_html/uat/vendor/laravel/framework/src/Illuminate/Database/Connection.php on line 332
[23-Sep-2021 15:13:29 Europe/London] PHP Fatal error:  Maximum execution time of 30 seconds exceeded in /home/oe0zv7828woe/public_html/uat/vendor/laravel/framework/src/Illuminate/Database/Connection.php on line 326
[05-Oct-2021 15:14:03 Europe/London] PHP Fatal error:  Maximum execution time of 30 seconds exceeded in /home/oe0zv7828woe/public_html/uat/vendor/laravel/framework/src/Illuminate/Database/Connection.php on line 332
[05-Oct-2021 15:14:58 Europe/London] PHP Fatal error:  Maximum execution time of 30 seconds exceeded in /home/oe0zv7828woe/public_html/uat/vendor/laravel/framework/src/Illuminate/Database/Eloquent/Model.php on line 1523
[05-Oct-2021 15:17:15 Europe/London] PHP Fatal error:  Maximum execution time of 30 seconds exceeded in /home/oe0zv7828woe/public_html/uat/vendor/laravel/framework/src/Illuminate/Database/Connection.php on line 332
[05-Oct-2021 15:17:32 Europe/London] PHP Fatal error:  Maximum execution time of 30 seconds exceeded in /home/oe0zv7828woe/public_html/uat/vendor/laravel/framework/src/Illuminate/Database/Connection.php on line 326
[05-Oct-2021 15:17:49 Europe/London] PHP Fatal error:  Maximum execution time of 30 seconds exceeded in /home/oe0zv7828woe/public_html/uat/vendor/laravel/framework/src/Illuminate/Support/Pluralizer.php on line 69
[06-Oct-2021 16:27:24 Europe/London] PHP Fatal error:  Maximum execution time of 30 seconds exceeded in /home/oe0zv7828woe/public_html/uat/vendor/laravel/framework/src/Illuminate/Events/Dispatcher.php on line 228
[06-Oct-2021 16:28:34 Europe/London] PHP Fatal error:  Maximum execution time of 30 seconds exceeded in /home/oe0zv7828woe/public_html/uat/vendor/laravel/framework/src/Illuminate/Database/Connection.php on line 326
[06-Oct-2021 16:29:33 Europe/London] PHP Fatal error:  Maximum execution time of 30 seconds exceeded in /home/oe0zv7828woe/public_html/uat/vendor/laravel/framework/src/Illuminate/Support/helpers.php on line 435
[06-Oct-2021 16:29:51 Europe/London] PHP Fatal error:  Maximum execution time of 30 seconds exceeded in /home/oe0zv7828woe/public_html/uat/storage/framework/views/f5cadc0124025792e2aa5ae110efcb4c84552ccd.php on line 224
[06-Oct-2021 16:31:28 Europe/London] PHP Fatal error:  Maximum execution time of 30 seconds exceeded in /home/oe0zv7828woe/public_html/uat/vendor/laravel/framework/src/Illuminate/Database/Connection.php on line 332
[08-Oct-2021 09:33:02 Europe/London] PHP Fatal error:  Maximum execution time of 30 seconds exceeded in /home/oe0zv7828woe/public_html/uat/vendor/laravel/framework/src/Illuminate/Database/Connection.php on line 317
[13-Oct-2021 15:25:07 Europe/London] PHP Fatal error:  Maximum execution time of 30 seconds exceeded in /home/oe0zv7828woe/public_html/uat/vendor/laravel/framework/src/Illuminate/Events/Dispatcher.php on line 180
[13-Oct-2021 15:25:17 Europe/London] PHP Fatal error:  Maximum execution time of 30 seconds exceeded in /home/oe0zv7828woe/public_html/uat/vendor/laravel/framework/src/Illuminate/Support/helpers.php on line 1237
[13-Oct-2021 16:52:27 Europe/London] PHP Fatal error:  Allowed memory size of 134217728 bytes exhausted (tried to allocate 20480 bytes) in /home/oe0zv7828woe/public_html/uat/vendor/laravel/framework/src/Illuminate/Database/Connection.php on line 332
[13-Oct-2021 16:52:35 Europe/London] PHP Fatal error:  Allowed memory size of 134217728 bytes exhausted (tried to allocate 4096 bytes) in /home/oe0zv7828woe/public_html/uat/vendor/laravel/framework/src/Illuminate/Database/Eloquent/Model.php on line 392
[11-Jan-2022 08:29:12 Europe/London] PHP Fatal error:  Maximum execution time of 30 seconds exceeded in /home/oe0zv7828woe/public_html/uat-carbon/uat/vendor/laravel/framework/src/Illuminate/Support/helpers.php on line 507
[11-Jan-2022 08:30:00 Europe/London] PHP Fatal error:  Maximum execution time of 30 seconds exceeded in /home/oe0zv7828woe/public_html/uat-carbon/uat/vendor/laravel/framework/src/Illuminate/Database/Eloquent/Concerns/HasAttributes.php on line 919
[11-Jan-2022 08:30:08 Europe/London] PHP Fatal error:  Maximum execution time of 30 seconds exceeded in /home/oe0zv7828woe/public_html/uat-carbon/uat/vendor/laravel/framework/src/Illuminate/Database/Eloquent/Concerns/HasTimestamps.php on line 104
[11-Jan-2022 08:31:35 Europe/London] PHP Fatal error:  Maximum execution time of 30 seconds exceeded in /home/oe0zv7828woe/public_html/uat-carbon/uat/vendor/laravel/framework/src/Illuminate/Support/Collection.php on line 674
[11-Jan-2022 08:31:37 Europe/London] PHP Fatal error:  Maximum execution time of 30 seconds exceeded in /home/oe0zv7828woe/public_html/uat-carbon/uat/vendor/laravel/framework/src/Illuminate/Database/Eloquent/Concerns/HasAttributes.php on line 310
[11-Jan-2022 08:32:13 Europe/London] PHP Fatal error:  Maximum execution time of 30 seconds exceeded in /home/oe0zv7828woe/public_html/uat-carbon/uat/vendor/laravel/framework/src/Illuminate/Database/Eloquent/Model.php on line 1557
[11-Jan-2022 08:32:52 Europe/London] PHP Fatal error:  Maximum execution time of 30 seconds exceeded in /home/oe0zv7828woe/public_html/uat-carbon/uat/storage/framework/views/937e31e6dda6c137000a92977581f7e73a4d7057.php on line 594
[11-Jan-2022 11:19:52 Europe/London] PHP Fatal error:  Maximum execution time of 30 seconds exceeded in /home/oe0zv7828woe/public_html/uat-carbon/uat/vendor/laravel/framework/src/Illuminate/Database/Eloquent/Concerns/HasAttributes.php on line 317
[11-Jan-2022 11:20:32 Europe/London] PHP Fatal error:  Maximum execution time of 30 seconds exceeded in /home/oe0zv7828woe/public_html/uat-carbon/uat/vendor/laravel/framework/src/Illuminate/Support/Arr.php on line 147
[11-Jan-2022 11:20:57 Europe/London] PHP Fatal error:  Maximum execution time of 30 seconds exceeded in /home/oe0zv7828woe/public_html/uat-carbon/uat/vendor/laravel/framework/src/Illuminate/Database/Eloquent/Concerns/HasAttributes.php on line 359
[11-Jan-2022 11:25:56 Europe/London] PHP Fatal error:  Maximum execution time of 30 seconds exceeded in /home/oe0zv7828woe/public_html/uat-carbon/uat/vendor/laravel/framework/src/Illuminate/Database/Eloquent/Model.php on line 1546
[11-Jan-2022 12:20:38 Europe/London] PHP Fatal error:  Maximum execution time of 30 seconds exceeded in /home/oe0zv7828woe/public_html/uat-carbon/uat/vendor/laravel/framework/src/Illuminate/Database/Eloquent/Concerns/HasAttributes.php on line 359
[11-Jan-2022 12:38:10 Europe/London] PHP Fatal error:  Maximum execution time of 30 seconds exceeded in /home/oe0zv7828woe/public_html/uat-carbon/uat/vendor/laravel/framework/src/Illuminate/Database/Eloquent/Concerns/HasAttributes.php on line 438
[11-Jan-2022 12:40:54 Europe/London] PHP Fatal error:  Maximum execution time of 30 seconds exceeded in /home/oe0zv7828woe/public_html/uat-carbon/uat/vendor/laravel/framework/src/Illuminate/Support/Collection.php on line 674
[11-Jan-2022 12:57:58 Europe/London] PHP Fatal error:  Maximum execution time of 30 seconds exceeded in /home/oe0zv7828woe/public_html/uat-carbon/uat/vendor/laravel/framework/src/Illuminate/Support/Arr.php on line 147
[10-Feb-2022 09:32:38 UTC] PHP Warning:  include(/home/oe0zv7828woe/public_html/uat-carbon/uat/vendor/composer/../../app/Http/Kernel.php): failed to open stream: No such file or directory in /home/oe0zv7828woe/public_html/uat-carbon/uat/vendor/composer/ClassLoader.php on line 478
[10-Feb-2022 09:32:38 UTC] PHP Warning:  include(): Failed opening '/home/oe0zv7828woe/public_html/uat-carbon/uat/vendor/composer/../../app/Http/Kernel.php' for inclusion (include_path='.:/opt/alt/php73/usr/share/pear') in /home/oe0zv7828woe/public_html/uat-carbon/uat/vendor/composer/ClassLoader.php on line 478
[10-Feb-2022 09:32:38 UTC] PHP Warning:  include(/home/oe0zv7828woe/public_html/uat-carbon/uat/vendor/composer/../../app/Http/Kernel.php): failed to open stream: No such file or directory in /home/oe0zv7828woe/public_html/uat-carbon/uat/vendor/composer/ClassLoader.php on line 478
[10-Feb-2022 09:32:38 UTC] PHP Fatal error:  Uncaught ReflectionException: Class App\Http\Kernel does not exist in /home/oe0zv7828woe/public_html/uat-carbon/uat/vendor/laravel/framework/src/Illuminate/Container/Container.php:788
Stack trace:
#0 /home/oe0zv7828woe/public_html/uat-carbon/uat/vendor/laravel/framework/src/Illuminate/Container/Container.php(788): ReflectionClass->__construct('App\\Http\\Kernel')
#1 /home/oe0zv7828woe/public_html/uat-carbon/uat/vendor/laravel/framework/src/Illuminate/Container/Container.php(667): Illuminate\Container\Container->build('App\\Http\\Kernel')
#2 /home/oe0zv7828woe/public_html/uat-carbon/uat/vendor/laravel/framework/src/Illuminate/Container/Container.php(265): Illuminate\Container\Container->resolve('App\\Http\\Kernel', Array, false)
#3 /home/oe0zv7828woe/public_html/uat-carbon/uat/vendor/laravel/framework/src/Illuminate/Container/Container.php(785): Illuminate\Container\Container->Illuminate\Container\{closure}(Object(Illuminate\Foundation\Application), Array)
#4 /home/oe0zv7828woe/public_html/uat-carbon/uat/vendo in /home/oe0zv7828woe/public_html/uat-carbon/uat/vendor/laravel/framework/src/Illuminate/Container/Container.php on line 788
[10-Feb-2022 09:32:38 UTC] PHP Warning:  include(): Failed opening '/home/oe0zv7828woe/public_html/uat-carbon/uat/vendor/composer/../../app/Http/Kernel.php' for inclusion (include_path='.:/opt/alt/php73/usr/share/pear') in /home/oe0zv7828woe/public_html/uat-carbon/uat/vendor/composer/ClassLoader.php on line 478
[10-Feb-2022 09:32:38 UTC] PHP Fatal error:  Uncaught ReflectionException: Class App\Http\Kernel does not exist in /home/oe0zv7828woe/public_html/uat-carbon/uat/vendor/laravel/framework/src/Illuminate/Container/Container.php:788
Stack trace:
#0 /home/oe0zv7828woe/public_html/uat-carbon/uat/vendor/laravel/framework/src/Illuminate/Container/Container.php(788): ReflectionClass->__construct('App\\Http\\Kernel')
#1 /home/oe0zv7828woe/public_html/uat-carbon/uat/vendor/laravel/framework/src/Illuminate/Container/Container.php(667): Illuminate\Container\Container->build('App\\Http\\Kernel')
#2 /home/oe0zv7828woe/public_html/uat-carbon/uat/vendor/laravel/framework/src/Illuminate/Container/Container.php(265): Illuminate\Container\Container->resolve('App\\Http\\Kernel', Array, false)
#3 /home/oe0zv7828woe/public_html/uat-carbon/uat/vendor/laravel/framework/src/Illuminate/Container/Container.php(785): Illuminate\Container\Container->Illuminate\Container\{closure}(Object(Illuminate\Foundation\Application), Array)
#4 /home/oe0zv7828woe/public_html/uat-carbon/uat/vendo in /home/oe0zv7828woe/public_html/uat-carbon/uat/vendor/laravel/framework/src/Illuminate/Container/Container.php on line 788
[10-Feb-2022 09:32:39 UTC] PHP Warning:  include(/home/oe0zv7828woe/public_html/uat-carbon/uat/vendor/composer/../../app/Http/Kernel.php): failed to open stream: No such file or directory in /home/oe0zv7828woe/public_html/uat-carbon/uat/vendor/composer/ClassLoader.php on line 478
[10-Feb-2022 09:32:39 UTC] PHP Warning:  include(): Failed opening '/home/oe0zv7828woe/public_html/uat-carbon/uat/vendor/composer/../../app/Http/Kernel.php' for inclusion (include_path='.:/opt/alt/php73/usr/share/pear') in /home/oe0zv7828woe/public_html/uat-carbon/uat/vendor/composer/ClassLoader.php on line 478
[10-Feb-2022 09:32:39 UTC] PHP Fatal error:  Uncaught ReflectionException: Class App\Http\Kernel does not exist in /home/oe0zv7828woe/public_html/uat-carbon/uat/vendor/laravel/framework/src/Illuminate/Container/Container.php:788
Stack trace:
#0 /home/oe0zv7828woe/public_html/uat-carbon/uat/vendor/laravel/framework/src/Illuminate/Container/Container.php(788): ReflectionClass->__construct('App\\Http\\Kernel')
#1 /home/oe0zv7828woe/public_html/uat-carbon/uat/vendor/laravel/framework/src/Illuminate/Container/Container.php(667): Illuminate\Container\Container->build('App\\Http\\Kernel')
#2 /home/oe0zv7828woe/public_html/uat-carbon/uat/vendor/laravel/framework/src/Illuminate/Container/Container.php(265): Illuminate\Container\Container->resolve('App\\Http\\Kernel', Array, false)
#3 /home/oe0zv7828woe/public_html/uat-carbon/uat/vendor/laravel/framework/src/Illuminate/Container/Container.php(785): Illuminate\Container\Container->Illuminate\Container\{closure}(Object(Illuminate\Foundation\Application), Array)
#4 /home/oe0zv7828woe/public_html/uat-carbon/uat/vendo in /home/oe0zv7828woe/public_html/uat-carbon/uat/vendor/laravel/framework/src/Illuminate/Container/Container.php on line 788
[10-Feb-2022 09:32:49 UTC] PHP Warning:  include(/home/oe0zv7828woe/public_html/uat-carbon/uat/vendor/composer/../../app/Http/Kernel.php): failed to open stream: No such file or directory in /home/oe0zv7828woe/public_html/uat-carbon/uat/vendor/composer/ClassLoader.php on line 478
[10-Feb-2022 09:32:49 UTC] PHP Warning:  include(): Failed opening '/home/oe0zv7828woe/public_html/uat-carbon/uat/vendor/composer/../../app/Http/Kernel.php' for inclusion (include_path='.:/opt/alt/php73/usr/share/pear') in /home/oe0zv7828woe/public_html/uat-carbon/uat/vendor/composer/ClassLoader.php on line 478
[10-Feb-2022 09:32:49 UTC] PHP Fatal error:  Uncaught ReflectionException: Class App\Http\Kernel does not exist in /home/oe0zv7828woe/public_html/uat-carbon/uat/vendor/laravel/framework/src/Illuminate/Container/Container.php:788
Stack trace:
#0 /home/oe0zv7828woe/public_html/uat-carbon/uat/vendor/laravel/framework/src/Illuminate/Container/Container.php(788): ReflectionClass->__construct('App\\Http\\Kernel')
#1 /home/oe0zv7828woe/public_html/uat-carbon/uat/vendor/laravel/framework/src/Illuminate/Container/Container.php(667): Illuminate\Container\Container->build('App\\Http\\Kernel')
#2 /home/oe0zv7828woe/public_html/uat-carbon/uat/vendor/laravel/framework/src/Illuminate/Container/Container.php(265): Illuminate\Container\Container->resolve('App\\Http\\Kernel', Array, false)
#3 /home/oe0zv7828woe/public_html/uat-carbon/uat/vendor/laravel/framework/src/Illuminate/Container/Container.php(785): Illuminate\Container\Container->Illuminate\Container\{closure}(Object(Illuminate\Foundation\Application), Array)
#4 /home/oe0zv7828woe/public_html/uat-carbon/uat/vendo in /home/oe0zv7828woe/public_html/uat-carbon/uat/vendor/laravel/framework/src/Illuminate/Container/Container.php on line 788
[10-Feb-2022 09:32:49 UTC] PHP Warning:  include(/home/oe0zv7828woe/public_html/uat-carbon/uat/vendor/composer/../../app/Http/Kernel.php): failed to open stream: No such file or directory in /home/oe0zv7828woe/public_html/uat-carbon/uat/vendor/composer/ClassLoader.php on line 478
[10-Feb-2022 09:32:49 UTC] PHP Warning:  include(): Failed opening '/home/oe0zv7828woe/public_html/uat-carbon/uat/vendor/composer/../../app/Http/Kernel.php' for inclusion (include_path='.:/opt/alt/php73/usr/share/pear') in /home/oe0zv7828woe/public_html/uat-carbon/uat/vendor/composer/ClassLoader.php on line 478
[10-Feb-2022 09:32:49 UTC] PHP Fatal error:  Uncaught ReflectionException: Class App\Http\Kernel does not exist in /home/oe0zv7828woe/public_html/uat-carbon/uat/vendor/laravel/framework/src/Illuminate/Container/Container.php:788
Stack trace:
#0 /home/oe0zv7828woe/public_html/uat-carbon/uat/vendor/laravel/framework/src/Illuminate/Container/Container.php(788): ReflectionClass->__construct('App\\Http\\Kernel')
#1 /home/oe0zv7828woe/public_html/uat-carbon/uat/vendor/laravel/framework/src/Illuminate/Container/Container.php(667): Illuminate\Container\Container->build('App\\Http\\Kernel')
#2 /home/oe0zv7828woe/public_html/uat-carbon/uat/vendor/laravel/framework/src/Illuminate/Container/Container.php(265): Illuminate\Container\Container->resolve('App\\Http\\Kernel', Array, false)
#3 /home/oe0zv7828woe/public_html/uat-carbon/uat/vendor/laravel/framework/src/Illuminate/Container/Container.php(785): Illuminate\Container\Container->Illuminate\Container\{closure}(Object(Illuminate\Foundation\Application), Array)
#4 /home/oe0zv7828woe/public_html/uat-carbon/uat/vendo in /home/oe0zv7828woe/public_html/uat-carbon/uat/vendor/laravel/framework/src/Illuminate/Container/Container.php on line 788
[10-Feb-2022 09:32:51 UTC] PHP Warning:  include(/home/oe0zv7828woe/public_html/uat-carbon/uat/vendor/composer/../../app/Http/Kernel.php): failed to open stream: No such file or directory in /home/oe0zv7828woe/public_html/uat-carbon/uat/vendor/composer/ClassLoader.php on line 478
[10-Feb-2022 09:32:51 UTC] PHP Warning:  include(): Failed opening '/home/oe0zv7828woe/public_html/uat-carbon/uat/vendor/composer/../../app/Http/Kernel.php' for inclusion (include_path='.:/opt/alt/php73/usr/share/pear') in /home/oe0zv7828woe/public_html/uat-carbon/uat/vendor/composer/ClassLoader.php on line 478
[10-Feb-2022 09:32:51 UTC] PHP Fatal error:  Uncaught ReflectionException: Class App\Http\Kernel does not exist in /home/oe0zv7828woe/public_html/uat-carbon/uat/vendor/laravel/framework/src/Illuminate/Container/Container.php:788
Stack trace:
#0 /home/oe0zv7828woe/public_html/uat-carbon/uat/vendor/laravel/framework/src/Illuminate/Container/Container.php(788): ReflectionClass->__construct('App\\Http\\Kernel')
#1 /home/oe0zv7828woe/public_html/uat-carbon/uat/vendor/laravel/framework/src/Illuminate/Container/Container.php(667): Illuminate\Container\Container->build('App\\Http\\Kernel')
#2 /home/oe0zv7828woe/public_html/uat-carbon/uat/vendor/laravel/framework/src/Illuminate/Container/Container.php(265): Illuminate\Container\Container->resolve('App\\Http\\Kernel', Array, false)
#3 /home/oe0zv7828woe/public_html/uat-carbon/uat/vendor/laravel/framework/src/Illuminate/Container/Container.php(785): Illuminate\Container\Container->Illuminate\Container\{closure}(Object(Illuminate\Foundation\Application), Array)
#4 /home/oe0zv7828woe/public_html/uat-carbon/uat/vendo in /home/oe0zv7828woe/public_html/uat-carbon/uat/vendor/laravel/framework/src/Illuminate/Container/Container.php on line 788
[10-Feb-2022 09:33:00 UTC] PHP Warning:  include(/home/oe0zv7828woe/public_html/uat-carbon/uat/vendor/composer/../../app/Http/Kernel.php): failed to open stream: No such file or directory in /home/oe0zv7828woe/public_html/uat-carbon/uat/vendor/composer/ClassLoader.php on line 478
[10-Feb-2022 09:33:00 UTC] PHP Warning:  include(): Failed opening '/home/oe0zv7828woe/public_html/uat-carbon/uat/vendor/composer/../../app/Http/Kernel.php' for inclusion (include_path='.:/opt/alt/php73/usr/share/pear') in /home/oe0zv7828woe/public_html/uat-carbon/uat/vendor/composer/ClassLoader.php on line 478
[10-Feb-2022 09:33:00 UTC] PHP Fatal error:  Uncaught ReflectionException: Class App\Http\Kernel does not exist in /home/oe0zv7828woe/public_html/uat-carbon/uat/vendor/laravel/framework/src/Illuminate/Container/Container.php:788
Stack trace:
#0 /home/oe0zv7828woe/public_html/uat-carbon/uat/vendor/laravel/framework/src/Illuminate/Container/Container.php(788): ReflectionClass->__construct('App\\Http\\Kernel')
#1 /home/oe0zv7828woe/public_html/uat-carbon/uat/vendor/laravel/framework/src/Illuminate/Container/Container.php(667): Illuminate\Container\Container->build('App\\Http\\Kernel')
#2 /home/oe0zv7828woe/public_html/uat-carbon/uat/vendor/laravel/framework/src/Illuminate/Container/Container.php(265): Illuminate\Container\Container->resolve('App\\Http\\Kernel', Array, false)
#3 /home/oe0zv7828woe/public_html/uat-carbon/uat/vendor/laravel/framework/src/Illuminate/Container/Container.php(785): Illuminate\Container\Container->Illuminate\Container\{closure}(Object(Illuminate\Foundation\Application), Array)
#4 /home/oe0zv7828woe/public_html/uat-carbon/uat/vendo in /home/oe0zv7828woe/public_html/uat-carbon/uat/vendor/laravel/framework/src/Illuminate/Container/Container.php on line 788
[10-Feb-2022 09:33:00 UTC] PHP Warning:  include(/home/oe0zv7828woe/public_html/uat-carbon/uat/vendor/composer/../../app/Http/Kernel.php): failed to open stream: No such file or directory in /home/oe0zv7828woe/public_html/uat-carbon/uat/vendor/composer/ClassLoader.php on line 478
[10-Feb-2022 09:33:00 UTC] PHP Warning:  include(): Failed opening '/home/oe0zv7828woe/public_html/uat-carbon/uat/vendor/composer/../../app/Http/Kernel.php' for inclusion (include_path='.:/opt/alt/php73/usr/share/pear') in /home/oe0zv7828woe/public_html/uat-carbon/uat/vendor/composer/ClassLoader.php on line 478
[10-Feb-2022 09:33:00 UTC] PHP Fatal error:  Uncaught ReflectionException: Class App\Http\Kernel does not exist in /home/oe0zv7828woe/public_html/uat-carbon/uat/vendor/laravel/framework/src/Illuminate/Container/Container.php:788
Stack trace:
#0 /home/oe0zv7828woe/public_html/uat-carbon/uat/vendor/laravel/framework/src/Illuminate/Container/Container.php(788): ReflectionClass->__construct('App\\Http\\Kernel')
#1 /home/oe0zv7828woe/public_html/uat-carbon/uat/vendor/laravel/framework/src/Illuminate/Container/Container.php(667): Illuminate\Container\Container->build('App\\Http\\Kernel')
#2 /home/oe0zv7828woe/public_html/uat-carbon/uat/vendor/laravel/framework/src/Illuminate/Container/Container.php(265): Illuminate\Container\Container->resolve('App\\Http\\Kernel', Array, false)
#3 /home/oe0zv7828woe/public_html/uat-carbon/uat/vendor/laravel/framework/src/Illuminate/Container/Container.php(785): Illuminate\Container\Container->Illuminate\Container\{closure}(Object(Illuminate\Foundation\Application), Array)
#4 /home/oe0zv7828woe/public_html/uat-carbon/uat/vendo in /home/oe0zv7828woe/public_html/uat-carbon/uat/vendor/laravel/framework/src/Illuminate/Container/Container.php on line 788
[10-Feb-2022 09:33:03 UTC] PHP Warning:  include(/home/oe0zv7828woe/public_html/uat-carbon/uat/vendor/composer/../../app/Http/Kernel.php): failed to open stream: No such file or directory in /home/oe0zv7828woe/public_html/uat-carbon/uat/vendor/composer/ClassLoader.php on line 478
[10-Feb-2022 09:33:03 UTC] PHP Warning:  include(): Failed opening '/home/oe0zv7828woe/public_html/uat-carbon/uat/vendor/composer/../../app/Http/Kernel.php' for inclusion (include_path='.:/opt/alt/php73/usr/share/pear') in /home/oe0zv7828woe/public_html/uat-carbon/uat/vendor/composer/ClassLoader.php on line 478
[10-Feb-2022 09:33:03 UTC] PHP Fatal error:  Uncaught ReflectionException: Class App\Http\Kernel does not exist in /home/oe0zv7828woe/public_html/uat-carbon/uat/vendor/laravel/framework/src/Illuminate/Container/Container.php:788
Stack trace:
#0 /home/oe0zv7828woe/public_html/uat-carbon/uat/vendor/laravel/framework/src/Illuminate/Container/Container.php(788): ReflectionClass->__construct('App\\Http\\Kernel')
#1 /home/oe0zv7828woe/public_html/uat-carbon/uat/vendor/laravel/framework/src/Illuminate/Container/Container.php(667): Illuminate\Container\Container->build('App\\Http\\Kernel')
#2 /home/oe0zv7828woe/public_html/uat-carbon/uat/vendor/laravel/framework/src/Illuminate/Container/Container.php(265): Illuminate\Container\Container->resolve('App\\Http\\Kernel', Array, false)
#3 /home/oe0zv7828woe/public_html/uat-carbon/uat/vendor/laravel/framework/src/Illuminate/Container/Container.php(785): Illuminate\Container\Container->Illuminate\Container\{closure}(Object(Illuminate\Foundation\Application), Array)
#4 /home/oe0zv7828woe/public_html/uat-carbon/uat/vendo in /home/oe0zv7828woe/public_html/uat-carbon/uat/vendor/laravel/framework/src/Illuminate/Container/Container.php on line 788
[10-Feb-2022 09:33:11 UTC] PHP Warning:  include(/home/oe0zv7828woe/public_html/uat-carbon/uat/vendor/composer/../../app/Http/Kernel.php): failed to open stream: No such file or directory in /home/oe0zv7828woe/public_html/uat-carbon/uat/vendor/composer/ClassLoader.php on line 478
[10-Feb-2022 09:33:11 UTC] PHP Warning:  include(): Failed opening '/home/oe0zv7828woe/public_html/uat-carbon/uat/vendor/composer/../../app/Http/Kernel.php' for inclusion (include_path='.:/opt/alt/php73/usr/share/pear') in /home/oe0zv7828woe/public_html/uat-carbon/uat/vendor/composer/ClassLoader.php on line 478
[10-Feb-2022 09:33:11 UTC] PHP Warning:  include(/home/oe0zv7828woe/public_html/uat-carbon/uat/vendor/composer/../../app/Http/Kernel.php): failed to open stream: No such file or directory in /home/oe0zv7828woe/public_html/uat-carbon/uat/vendor/composer/ClassLoader.php on line 478
[10-Feb-2022 09:33:11 UTC] PHP Fatal error:  Uncaught ReflectionException: Class App\Http\Kernel does not exist in /home/oe0zv7828woe/public_html/uat-carbon/uat/vendor/laravel/framework/src/Illuminate/Container/Container.php:788
Stack trace:
#0 /home/oe0zv7828woe/public_html/uat-carbon/uat/vendor/laravel/framework/src/Illuminate/Container/Container.php(788): ReflectionClass->__construct('App\\Http\\Kernel')
#1 /home/oe0zv7828woe/public_html/uat-carbon/uat/vendor/laravel/framework/src/Illuminate/Container/Container.php(667): Illuminate\Container\Container->build('App\\Http\\Kernel')
#2 /home/oe0zv7828woe/public_html/uat-carbon/uat/vendor/laravel/framework/src/Illuminate/Container/Container.php(265): Illuminate\Container\Container->resolve('App\\Http\\Kernel', Array, false)
#3 /home/oe0zv7828woe/public_html/uat-carbon/uat/vendor/laravel/framework/src/Illuminate/Container/Container.php(785): Illuminate\Container\Container->Illuminate\Container\{closure}(Object(Illuminate\Foundation\Application), Array)
#4 /home/oe0zv7828woe/public_html/uat-carbon/uat/vendo in /home/oe0zv7828woe/public_html/uat-carbon/uat/vendor/laravel/framework/src/Illuminate/Container/Container.php on line 788
[10-Feb-2022 09:33:11 UTC] PHP Warning:  include(): Failed opening '/home/oe0zv7828woe/public_html/uat-carbon/uat/vendor/composer/../../app/Http/Kernel.php' for inclusion (include_path='.:/opt/alt/php73/usr/share/pear') in /home/oe0zv7828woe/public_html/uat-carbon/uat/vendor/composer/ClassLoader.php on line 478
[10-Feb-2022 09:33:11 UTC] PHP Fatal error:  Uncaught ReflectionException: Class App\Http\Kernel does not exist in /home/oe0zv7828woe/public_html/uat-carbon/uat/vendor/laravel/framework/src/Illuminate/Container/Container.php:788
Stack trace:
#0 /home/oe0zv7828woe/public_html/uat-carbon/uat/vendor/laravel/framework/src/Illuminate/Container/Container.php(788): ReflectionClass->__construct('App\\Http\\Kernel')
#1 /home/oe0zv7828woe/public_html/uat-carbon/uat/vendor/laravel/framework/src/Illuminate/Container/Container.php(667): Illuminate\Container\Container->build('App\\Http\\Kernel')
#2 /home/oe0zv7828woe/public_html/uat-carbon/uat/vendor/laravel/framework/src/Illuminate/Container/Container.php(265): Illuminate\Container\Container->resolve('App\\Http\\Kernel', Array, false)
#3 /home/oe0zv7828woe/public_html/uat-carbon/uat/vendor/laravel/framework/src/Illuminate/Container/Container.php(785): Illuminate\Container\Container->Illuminate\Container\{closure}(Object(Illuminate\Foundation\Application), Array)
#4 /home/oe0zv7828woe/public_html/uat-carbon/uat/vendo in /home/oe0zv7828woe/public_html/uat-carbon/uat/vendor/laravel/framework/src/Illuminate/Container/Container.php on line 788
[10-Feb-2022 09:33:15 UTC] PHP Warning:  include(/home/oe0zv7828woe/public_html/uat-carbon/uat/vendor/composer/../../app/Http/Kernel.php): failed to open stream: No such file or directory in /home/oe0zv7828woe/public_html/uat-carbon/uat/vendor/composer/ClassLoader.php on line 478
[10-Feb-2022 09:33:15 UTC] PHP Warning:  include(): Failed opening '/home/oe0zv7828woe/public_html/uat-carbon/uat/vendor/composer/../../app/Http/Kernel.php' for inclusion (include_path='.:/opt/alt/php73/usr/share/pear') in /home/oe0zv7828woe/public_html/uat-carbon/uat/vendor/composer/ClassLoader.php on line 478
[10-Feb-2022 09:33:15 UTC] PHP Fatal error:  Uncaught ReflectionException: Class App\Http\Kernel does not exist in /home/oe0zv7828woe/public_html/uat-carbon/uat/vendor/laravel/framework/src/Illuminate/Container/Container.php:788
Stack trace:
#0 /home/oe0zv7828woe/public_html/uat-carbon/uat/vendor/laravel/framework/src/Illuminate/Container/Container.php(788): ReflectionClass->__construct('App\\Http\\Kernel')
#1 /home/oe0zv7828woe/public_html/uat-carbon/uat/vendor/laravel/framework/src/Illuminate/Container/Container.php(667): Illuminate\Container\Container->build('App\\Http\\Kernel')
#2 /home/oe0zv7828woe/public_html/uat-carbon/uat/vendor/laravel/framework/src/Illuminate/Container/Container.php(265): Illuminate\Container\Container->resolve('App\\Http\\Kernel', Array, false)
#3 /home/oe0zv7828woe/public_html/uat-carbon/uat/vendor/laravel/framework/src/Illuminate/Container/Container.php(785): Illuminate\Container\Container->Illuminate\Container\{closure}(Object(Illuminate\Foundation\Application), Array)
#4 /home/oe0zv7828woe/public_html/uat-carbon/uat/vendo in /home/oe0zv7828woe/public_html/uat-carbon/uat/vendor/laravel/framework/src/Illuminate/Container/Container.php on line 788
[10-Feb-2022 09:33:22 UTC] PHP Warning:  include(/home/oe0zv7828woe/public_html/uat-carbon/uat/vendor/composer/../../app/Http/Kernel.php): failed to open stream: No such file or directory in /home/oe0zv7828woe/public_html/uat-carbon/uat/vendor/composer/ClassLoader.php on line 478
[10-Feb-2022 09:33:22 UTC] PHP Warning:  include(): Failed opening '/home/oe0zv7828woe/public_html/uat-carbon/uat/vendor/composer/../../app/Http/Kernel.php' for inclusion (include_path='.:/opt/alt/php73/usr/share/pear') in /home/oe0zv7828woe/public_html/uat-carbon/uat/vendor/composer/ClassLoader.php on line 478
[10-Feb-2022 09:33:22 UTC] PHP Fatal error:  Uncaught ReflectionException: Class App\Http\Kernel does not exist in /home/oe0zv7828woe/public_html/uat-carbon/uat/vendor/laravel/framework/src/Illuminate/Container/Container.php:788
Stack trace:
#0 /home/oe0zv7828woe/public_html/uat-carbon/uat/vendor/laravel/framework/src/Illuminate/Container/Container.php(788): ReflectionClass->__construct('App\\Http\\Kernel')
#1 /home/oe0zv7828woe/public_html/uat-carbon/uat/vendor/laravel/framework/src/Illuminate/Container/Container.php(667): Illuminate\Container\Container->build('App\\Http\\Kernel')
#2 /home/oe0zv7828woe/public_html/uat-carbon/uat/vendor/laravel/framework/src/Illuminate/Container/Container.php(265): Illuminate\Container\Container->resolve('App\\Http\\Kernel', Array, false)
#3 /home/oe0zv7828woe/public_html/uat-carbon/uat/vendor/laravel/framework/src/Illuminate/Container/Container.php(785): Illuminate\Container\Container->Illuminate\Container\{closure}(Object(Illuminate\Foundation\Application), Array)
#4 /home/oe0zv7828woe/public_html/uat-carbon/uat/vendo in /home/oe0zv7828woe/public_html/uat-carbon/uat/vendor/laravel/framework/src/Illuminate/Container/Container.php on line 788
[10-Feb-2022 09:33:22 UTC] PHP Warning:  include(/home/oe0zv7828woe/public_html/uat-carbon/uat/vendor/composer/../../app/Http/Kernel.php): failed to open stream: No such file or directory in /home/oe0zv7828woe/public_html/uat-carbon/uat/vendor/composer/ClassLoader.php on line 478
[10-Feb-2022 09:33:22 UTC] PHP Warning:  include(): Failed opening '/home/oe0zv7828woe/public_html/uat-carbon/uat/vendor/composer/../../app/Http/Kernel.php' for inclusion (include_path='.:/opt/alt/php73/usr/share/pear') in /home/oe0zv7828woe/public_html/uat-carbon/uat/vendor/composer/ClassLoader.php on line 478
[10-Feb-2022 09:33:22 UTC] PHP Fatal error:  Uncaught ReflectionException: Class App\Http\Kernel does not exist in /home/oe0zv7828woe/public_html/uat-carbon/uat/vendor/laravel/framework/src/Illuminate/Container/Container.php:788
Stack trace:
#0 /home/oe0zv7828woe/public_html/uat-carbon/uat/vendor/laravel/framework/src/Illuminate/Container/Container.php(788): ReflectionClass->__construct('App\\Http\\Kernel')
#1 /home/oe0zv7828woe/public_html/uat-carbon/uat/vendor/laravel/framework/src/Illuminate/Container/Container.php(667): Illuminate\Container\Container->build('App\\Http\\Kernel')
#2 /home/oe0zv7828woe/public_html/uat-carbon/uat/vendor/laravel/framework/src/Illuminate/Container/Container.php(265): Illuminate\Container\Container->resolve('App\\Http\\Kernel', Array, false)
#3 /home/oe0zv7828woe/public_html/uat-carbon/uat/vendor/laravel/framework/src/Illuminate/Container/Container.php(785): Illuminate\Container\Container->Illuminate\Container\{closure}(Object(Illuminate\Foundation\Application), Array)
#4 /home/oe0zv7828woe/public_html/uat-carbon/uat/vendo in /home/oe0zv7828woe/public_html/uat-carbon/uat/vendor/laravel/framework/src/Illuminate/Container/Container.php on line 788
[10-Feb-2022 09:33:30 UTC] PHP Warning:  include(/home/oe0zv7828woe/public_html/uat-carbon/uat/vendor/composer/../../app/Http/Kernel.php): failed to open stream: No such file or directory in /home/oe0zv7828woe/public_html/uat-carbon/uat/vendor/composer/ClassLoader.php on line 478
[10-Feb-2022 09:33:30 UTC] PHP Warning:  include(): Failed opening '/home/oe0zv7828woe/public_html/uat-carbon/uat/vendor/composer/../../app/Http/Kernel.php' for inclusion (include_path='.:/opt/alt/php73/usr/share/pear') in /home/oe0zv7828woe/public_html/uat-carbon/uat/vendor/composer/ClassLoader.php on line 478
[10-Feb-2022 09:33:30 UTC] PHP Fatal error:  Uncaught ReflectionException: Class App\Http\Kernel does not exist in /home/oe0zv7828woe/public_html/uat-carbon/uat/vendor/laravel/framework/src/Illuminate/Container/Container.php:788
Stack trace:
#0 /home/oe0zv7828woe/public_html/uat-carbon/uat/vendor/laravel/framework/src/Illuminate/Container/Container.php(788): ReflectionClass->__construct('App\\Http\\Kernel')
#1 /home/oe0zv7828woe/public_html/uat-carbon/uat/vendor/laravel/framework/src/Illuminate/Container/Container.php(667): Illuminate\Container\Container->build('App\\Http\\Kernel')
#2 /home/oe0zv7828woe/public_html/uat-carbon/uat/vendor/laravel/framework/src/Illuminate/Container/Container.php(265): Illuminate\Container\Container->resolve('App\\Http\\Kernel', Array, false)
#3 /home/oe0zv7828woe/public_html/uat-carbon/uat/vendor/laravel/framework/src/Illuminate/Container/Container.php(785): Illuminate\Container\Container->Illuminate\Container\{closure}(Object(Illuminate\Foundation\Application), Array)
#4 /home/oe0zv7828woe/public_html/uat-carbon/uat/vendo in /home/oe0zv7828woe/public_html/uat-carbon/uat/vendor/laravel/framework/src/Illuminate/Container/Container.php on line 788
[14-Mar-2022 20:26:30 Europe/London] PHP Fatal error:  During inheritance of ArrayAccess: Uncaught ErrorException: Return type of Illuminate\Support\Collection::offsetExists($key) should either be compatible with ArrayAccess::offsetExists(mixed $offset): bool, or the #[\ReturnTypeWillChange] attribute should be used to temporarily suppress the notice in /home/zd708fwpbkq3/public_html/uat-carbon/uat/vendor/laravel/framework/src/Illuminate/Support/Collection.php:2060
Stack trace:
#0 /home/zd708fwpbkq3/public_html/uat-carbon/uat/vendor/laravel/framework/src/Illuminate/Support/Collection.php(40): Illuminate\Foundation\Bootstrap\HandleExceptions->handleError()
#1 /home/zd708fwpbkq3/public_html/uat-carbon/uat/vendor/composer/ClassLoader.php(478): include('/home/zd708fwpb...')
#2 /home/zd708fwpbkq3/public_html/uat-carbon/uat/vendor/composer/ClassLoader.php(346): Composer\Autoload\includeFile()
#3 /home/zd708fwpbkq3/public_html/uat-carbon/uat/vendor/laravel/framework/src/Illuminate/Support/helpers.php(471): Composer\Autoload\ClassLoader->loadClass()
#4 /home/zd708fwpbkq3/public_html/uat-carbon/uat/vendor/laravel/framework/src/Illuminate/Foundation/PackageManifest.php(80): collect()
#5 /home/zd708fwpbkq3/public_html/uat-carbon/uat/vendor/laravel/framework/src/Illuminate/Foundation/Bootstrap/RegisterFacades.php(26): Illuminate\Foundation\PackageManifest->aliases()
#6 /home/zd708fwpbkq3/public_html/uat-carbon/uat/vendor/laravel/framework/src/Illuminate/Foundation/Application.php(210): Illuminate\Foundation\Bootstrap\RegisterFacades->bootstrap()
#7 /home/zd708fwpbkq3/public_html/uat-carbon/uat/vendor/laravel/framework/src/Illuminate/Foundation/Http/Kernel.php(162): Illuminate\Foundation\Application->bootstrapWith()
#8 /home/zd708fwpbkq3/public_html/uat-carbon/uat/vendor/laravel/framework/src/Illuminate/Foundation/Http/Kernel.php(146): Illuminate\Foundation\Http\Kernel->bootstrap()
#9 /home/zd708fwpbkq3/public_html/uat-carbon/uat/vendor/laravel/framework/src/Illuminate/Foundation/Http/Kernel.php(116): Illuminate\Foundation\Http\Kernel->sendRequestThroughRouter()
#10 /home/zd708fwpbkq3/public_html/uat-carbon/uat/public/index.php(55): Illuminate\Foundation\Http\Kernel->handle()
#11 {main} in /home/zd708fwpbkq3/public_html/uat-carbon/uat/vendor/laravel/framework/src/Illuminate/Support/Collection.php on line 40
[15-Mar-2022 08:12:15 Europe/London] PHP Fatal error:  During inheritance of ArrayAccess: Uncaught ErrorException: Return type of Illuminate\Support\Collection::offsetExists($key) should either be compatible with ArrayAccess::offsetExists(mixed $offset): bool, or the #[\ReturnTypeWillChange] attribute should be used to temporarily suppress the notice in /home/zd708fwpbkq3/public_html/uat-carbon/uat/vendor/laravel/framework/src/Illuminate/Support/Collection.php:2060
Stack trace:
#0 /home/zd708fwpbkq3/public_html/uat-carbon/uat/vendor/laravel/framework/src/Illuminate/Support/Collection.php(40): Illuminate\Foundation\Bootstrap\HandleExceptions->handleError()
#1 /home/zd708fwpbkq3/public_html/uat-carbon/uat/vendor/composer/ClassLoader.php(478): include('/home/zd708fwpb...')
#2 /home/zd708fwpbkq3/public_html/uat-carbon/uat/vendor/composer/ClassLoader.php(346): Composer\Autoload\includeFile()
#3 /home/zd708fwpbkq3/public_html/uat-carbon/uat/vendor/laravel/framework/src/Illuminate/Support/helpers.php(471): Composer\Autoload\ClassLoader->loadClass()
#4 /home/zd708fwpbkq3/public_html/uat-carbon/uat/vendor/laravel/framework/src/Illuminate/Foundation/PackageManifest.php(80): collect()
#5 /home/zd708fwpbkq3/public_html/uat-carbon/uat/vendor/laravel/framework/src/Illuminate/Foundation/Bootstrap/RegisterFacades.php(26): Illuminate\Foundation\PackageManifest->aliases()
#6 /home/zd708fwpbkq3/public_html/uat-carbon/uat/vendor/laravel/framework/src/Illuminate/Foundation/Application.php(210): Illuminate\Foundation\Bootstrap\RegisterFacades->bootstrap()
#7 /home/zd708fwpbkq3/public_html/uat-carbon/uat/vendor/laravel/framework/src/Illuminate/Foundation/Http/Kernel.php(162): Illuminate\Foundation\Application->bootstrapWith()
#8 /home/zd708fwpbkq3/public_html/uat-carbon/uat/vendor/laravel/framework/src/Illuminate/Foundation/Http/Kernel.php(146): Illuminate\Foundation\Http\Kernel->bootstrap()
#9 /home/zd708fwpbkq3/public_html/uat-carbon/uat/vendor/laravel/framework/src/Illuminate/Foundation/Http/Kernel.php(116): Illuminate\Foundation\Http\Kernel->sendRequestThroughRouter()
#10 /home/zd708fwpbkq3/public_html/uat-carbon/uat/public/index.php(55): Illuminate\Foundation\Http\Kernel->handle()
#11 {main} in /home/zd708fwpbkq3/public_html/uat-carbon/uat/vendor/laravel/framework/src/Illuminate/Support/Collection.php on line 40
[15-Mar-2022 10:44:31 Europe/London] PHP Fatal error:  During inheritance of ArrayAccess: Uncaught ErrorException: Return type of Illuminate\Support\Collection::offsetExists($key) should either be compatible with ArrayAccess::offsetExists(mixed $offset): bool, or the #[\ReturnTypeWillChange] attribute should be used to temporarily suppress the notice in /home/zd708fwpbkq3/public_html/uat-carbon/uat/vendor/laravel/framework/src/Illuminate/Support/Collection.php:2060
Stack trace:
#0 /home/zd708fwpbkq3/public_html/uat-carbon/uat/vendor/laravel/framework/src/Illuminate/Support/Collection.php(40): Illuminate\Foundation\Bootstrap\HandleExceptions->handleError()
#1 /home/zd708fwpbkq3/public_html/uat-carbon/uat/vendor/composer/ClassLoader.php(478): include('/home/zd708fwpb...')
#2 /home/zd708fwpbkq3/public_html/uat-carbon/uat/vendor/composer/ClassLoader.php(346): Composer\Autoload\includeFile()
#3 /home/zd708fwpbkq3/public_html/uat-carbon/uat/vendor/laravel/framework/src/Illuminate/Support/helpers.php(471): Composer\Autoload\ClassLoader->loadClass()
#4 /home/zd708fwpbkq3/public_html/uat-carbon/uat/vendor/laravel/framework/src/Illuminate/Foundation/PackageManifest.php(80): collect()
#5 /home/zd708fwpbkq3/public_html/uat-carbon/uat/vendor/laravel/framework/src/Illuminate/Foundation/Bootstrap/RegisterFacades.php(26): Illuminate\Foundation\PackageManifest->aliases()
#6 /home/zd708fwpbkq3/public_html/uat-carbon/uat/vendor/laravel/framework/src/Illuminate/Foundation/Application.php(210): Illuminate\Foundation\Bootstrap\RegisterFacades->bootstrap()
#7 /home/zd708fwpbkq3/public_html/uat-carbon/uat/vendor/laravel/framework/src/Illuminate/Foundation/Http/Kernel.php(162): Illuminate\Foundation\Application->bootstrapWith()
#8 /home/zd708fwpbkq3/public_html/uat-carbon/uat/vendor/laravel/framework/src/Illuminate/Foundation/Http/Kernel.php(146): Illuminate\Foundation\Http\Kernel->bootstrap()
#9 /home/zd708fwpbkq3/public_html/uat-carbon/uat/vendor/laravel/framework/src/Illuminate/Foundation/Http/Kernel.php(116): Illuminate\Foundation\Http\Kernel->sendRequestThroughRouter()
#10 /home/zd708fwpbkq3/public_html/uat-carbon/uat/public/index.php(55): Illuminate\Foundation\Http\Kernel->handle()
#11 {main} in /home/zd708fwpbkq3/public_html/uat-carbon/uat/vendor/laravel/framework/src/Illuminate/Support/Collection.php on line 40
[15-Mar-2022 15:44:40 Europe/London] PHP Fatal error:  During inheritance of ArrayAccess: Uncaught ErrorException: Return type of Illuminate\Support\Collection::offsetExists($key) should either be compatible with ArrayAccess::offsetExists(mixed $offset): bool, or the #[\ReturnTypeWillChange] attribute should be used to temporarily suppress the notice in /home/zd708fwpbkq3/public_html/uat-carbon/uat/vendor/laravel/framework/src/Illuminate/Support/Collection.php:2060
Stack trace:
#0 /home/zd708fwpbkq3/public_html/uat-carbon/uat/vendor/laravel/framework/src/Illuminate/Support/Collection.php(40): Illuminate\Foundation\Bootstrap\HandleExceptions->handleError()
#1 /home/zd708fwpbkq3/public_html/uat-carbon/uat/vendor/composer/ClassLoader.php(478): include('/home/zd708fwpb...')
#2 /home/zd708fwpbkq3/public_html/uat-carbon/uat/vendor/composer/ClassLoader.php(346): Composer\Autoload\includeFile()
#3 /home/zd708fwpbkq3/public_html/uat-carbon/uat/vendor/laravel/framework/src/Illuminate/Support/helpers.php(471): Composer\Autoload\ClassLoader->loadClass()
#4 /home/zd708fwpbkq3/public_html/uat-carbon/uat/vendor/laravel/framework/src/Illuminate/Foundation/PackageManifest.php(80): collect()
#5 /home/zd708fwpbkq3/public_html/uat-carbon/uat/vendor/laravel/framework/src/Illuminate/Foundation/Bootstrap/RegisterFacades.php(26): Illuminate\Foundation\PackageManifest->aliases()
#6 /home/zd708fwpbkq3/public_html/uat-carbon/uat/vendor/laravel/framework/src/Illuminate/Foundation/Application.php(210): Illuminate\Foundation\Bootstrap\RegisterFacades->bootstrap()
#7 /home/zd708fwpbkq3/public_html/uat-carbon/uat/vendor/laravel/framework/src/Illuminate/Foundation/Http/Kernel.php(162): Illuminate\Foundation\Application->bootstrapWith()
#8 /home/zd708fwpbkq3/public_html/uat-carbon/uat/vendor/laravel/framework/src/Illuminate/Foundation/Http/Kernel.php(146): Illuminate\Foundation\Http\Kernel->bootstrap()
#9 /home/zd708fwpbkq3/public_html/uat-carbon/uat/vendor/laravel/framework/src/Illuminate/Foundation/Http/Kernel.php(116): Illuminate\Foundation\Http\Kernel->sendRequestThroughRouter()
#10 /home/zd708fwpbkq3/public_html/uat-carbon/uat/public/index.php(55): Illuminate\Foundation\Http\Kernel->handle()
#11 {main} in /home/zd708fwpbkq3/public_html/uat-carbon/uat/vendor/laravel/framework/src/Illuminate/Support/Collection.php on line 40
